<?xml version="1.0" encoding="UTF-8"?>
<robot generator="Robot 4.1.3 (Python 3.8.10 on linux)" generated="20220315 13:10:04.106" rpa="false" schemaversion="2">
<suite id="s1" name="Robot Project" source="/home/Anh/PycharmProjects/Robot_Project">
<suite id="s1-s1" name="02 Classroom" source="/home/Anh/PycharmProjects/Robot_Project/02_Classroom">
<suite id="s1-s1-s1" name="02-Exams" source="/home/Anh/PycharmProjects/Robot_Project/02_Classroom/02-Exams.robot">
<test id="s1-s1-s1-t1" name="Get Exam Results">
<kw name="Parse Json File" library="JSONlibrary">
<var>&amp;{exam_results}</var>
<arg>${EXAM_RESULTS_JSON}</arg>
<tag>json</tag>
<doc>The json.load()-method decodes the JSON content
into a Python dictionary
What is return from this method is a dictionary
Ex: &amp;{parsed_json}      Parse JSON  File    exam_results.json</doc>
<msg timestamp="20220315 13:10:04.159" level="INFO">&amp;{exam_results} = { Jane Doe={'math': '90%', 'physics': '85%'} | John Doe={'math': '85%', 'physics': '90%'} }</msg>
<status status="PASS" starttime="20220315 13:10:04.157" endtime="20220315 13:10:04.159"/>
</kw>
<for flavor="IN">
<var>${student}</var>
<var>${result}</var>
<value>&amp;{exam_results}</value>
<iter>
<var name="${student}">Jane Doe</var>
<var name="${result}">{'math': '90%', 'physics': '85%'}</var>
<kw name="Log To Console" library="BuiltIn">
<arg>${student}: ${result}</arg>
<doc>Logs the given message to the console.</doc>
<status status="PASS" starttime="20220315 13:10:04.160" endtime="20220315 13:10:04.161"/>
</kw>
<status status="PASS" starttime="20220315 13:10:04.160" endtime="20220315 13:10:04.161"/>
</iter>
<iter>
<var name="${student}">John Doe</var>
<var name="${result}">{'math': '85%', 'physics': '90%'}</var>
<kw name="Log To Console" library="BuiltIn">
<arg>${student}: ${result}</arg>
<doc>Logs the given message to the console.</doc>
<status status="PASS" starttime="20220315 13:10:04.162" endtime="20220315 13:10:04.163"/>
</kw>
<status status="PASS" starttime="20220315 13:10:04.162" endtime="20220315 13:10:04.163"/>
</iter>
<status status="PASS" starttime="20220315 13:10:04.159" endtime="20220315 13:10:04.163"/>
</for>
<doc>In this test case we use json.loads() to take the content
of a json file and assign them to a dict variable by using
EVALUATE keyword
Use FOR...IN loop to loop through each value in the dict
and log them to the console</doc>
<status status="PASS" starttime="20220315 13:10:04.156" endtime="20220315 13:10:04.164"/>
</test>
<status status="PASS" starttime="20220315 13:10:04.145" endtime="20220315 13:10:04.165"/>
</suite>
<status status="PASS" starttime="20220315 13:10:04.141" endtime="20220315 13:10:04.167"/>
</suite>
<status status="PASS" starttime="20220315 13:10:04.109" endtime="20220315 13:10:04.169"/>
</suite>
<statistics>
<total>
<stat pass="1" fail="0" skip="0">All Tests</stat>
</total>
<tag>
</tag>
<suite>
<stat pass="1" fail="0" skip="0" id="s1" name="Robot Project">Robot Project</stat>
<stat pass="1" fail="0" skip="0" id="s1-s1" name="02 Classroom">Robot Project.02 Classroom</stat>
<stat pass="1" fail="0" skip="0" id="s1-s1-s1" name="02-Exams">Robot Project.02 Classroom.02-Exams</stat>
</suite>
</statistics>
<errors>
</errors>
</robot>
