<?xml version="1.0" encoding="UTF-8"?>
<robot generator="Robot 4.1.3 (Python 3.8.10 on linux)" generated="20220309 12:47:39.832" rpa="false" schemaversion="2">
<suite id="s1" name="Testcases" source="/home/Anh/PycharmProjects/Robot_Project/Testcases">
<kw name="Global Suite Setup" type="SETUP">
<kw name="Log" library="BuiltIn">
<arg>Our Robot awesomeness begins!</arg>
<doc>Logs the given message with the given level.</doc>
<msg timestamp="20220309 12:47:39.871" level="INFO">Our Robot awesomeness begins!</msg>
<status status="PASS" starttime="20220309 12:47:39.871" endtime="20220309 12:47:39.871"/>
</kw>
<kw name="Set Global Variable" library="BuiltIn">
<arg>${NAME_FROM_INIT}</arg>
<doc>Makes a variable available globally in all tests and suites.</doc>
<msg timestamp="20220309 12:47:39.873" level="INFO">${NAME_FROM_INIT} = Global Name</msg>
<status status="PASS" starttime="20220309 12:47:39.872" endtime="20220309 12:47:39.873"/>
</kw>
<status status="PASS" starttime="20220309 12:47:39.870" endtime="20220309 12:47:39.873"/>
</kw>
<suite id="s1-s1" name="06 Greeting" source="/home/Anh/PycharmProjects/Robot_Project/Testcases/06_Greeting.robot">
<test id="s1-s1-t1" name="Original Greetings">
<kw name="Print Your Name" library="greeting">
<kw name="Log" library="BuiltIn">
<arg>${name}</arg>
<doc>Logs the given message with the given level.</doc>
<msg timestamp="20220309 12:47:39.882" level="INFO">Jane Doe</msg>
<status status="PASS" starttime="20220309 12:47:39.882" endtime="20220309 12:47:39.882"/>
</kw>
<status status="PASS" starttime="20220309 12:47:39.881" endtime="20220309 12:47:39.883"/>
</kw>
<kw name="Print Your Name" library="greeting">
<arg>${YOUR_NAME}</arg>
<kw name="Log" library="BuiltIn">
<arg>${name}</arg>
<doc>Logs the given message with the given level.</doc>
<msg timestamp="20220309 12:47:39.885" level="INFO">Your Name</msg>
<status status="PASS" starttime="20220309 12:47:39.884" endtime="20220309 12:47:39.885"/>
</kw>
<status status="PASS" starttime="20220309 12:47:39.883" endtime="20220309 12:47:39.885"/>
</kw>
<doc>This test case checks that the Print Your Name keyword works as expected.</doc>
<tag>ubuntu</tag>
<status status="PASS" starttime="20220309 12:47:39.880" endtime="20220309 12:47:39.885"/>
</test>
<test id="s1-s1-t2" name="Greetings From Init">
<kw name="Print Your Name" library="greeting">
<arg>${NAME_FROM_INIT}</arg>
<kw name="Log" library="BuiltIn">
<arg>${name}</arg>
<doc>Logs the given message with the given level.</doc>
<msg timestamp="20220309 12:47:39.890" level="INFO">Global Name</msg>
<status status="PASS" starttime="20220309 12:47:39.890" endtime="20220309 12:47:39.891"/>
</kw>
<status status="PASS" starttime="20220309 12:47:39.887" endtime="20220309 12:47:39.891"/>
</kw>
<doc>This test case proves that we can create global variables using initialization files.</doc>
<tag>centos</tag>
<tag>ubuntu</tag>
<status status="PASS" starttime="20220309 12:47:39.886" endtime="20220309 12:47:39.892"/>
</test>
<status status="PASS" starttime="20220309 12:47:39.873" endtime="20220309 12:47:39.893"/>
</suite>
<kw name="Global Suite Teardown" type="TEARDOWN">
<kw name="Log" library="BuiltIn">
<arg>The end of the awesomeness!</arg>
<doc>Logs the given message with the given level.</doc>
<msg timestamp="20220309 12:47:39.897" level="INFO">The end of the awesomeness!</msg>
<status status="PASS" starttime="20220309 12:47:39.897" endtime="20220309 12:47:39.897"/>
</kw>
<status status="PASS" starttime="20220309 12:47:39.896" endtime="20220309 12:47:39.898"/>
</kw>
<status status="PASS" starttime="20220309 12:47:39.836" endtime="20220309 12:47:39.898"/>
</suite>
<statistics>
<total>
<stat pass="2" fail="0" skip="0">All Tests</stat>
</total>
<tag>
<stat pass="1" fail="0" skip="0">centos</stat>
<stat pass="2" fail="0" skip="0">ubuntu</stat>
</tag>
<suite>
<stat pass="2" fail="0" skip="0" id="s1" name="Testcases">Testcases</stat>
<stat pass="2" fail="0" skip="0" id="s1-s1" name="06 Greeting">Testcases.06 Greeting</stat>
</suite>
</statistics>
<errors>
</errors>
</robot>
