<?xml version="1.0" encoding="UTF-8"?>
<robot generator="Robot 4.1.3 (Python 3.8.10 on linux)" generated="20220309 21:59:02.270" rpa="false" schemaversion="2">
<suite id="s1" name="01-Lists" source="/home/Anh/PycharmProjects/Robot_Project/02_Classroom/01-Lists.robot">
<test id="s1-t1" name="Print A List of Names">
<kw name="Print Multiple Names" library="lists">
<arg>${NAMES}</arg>
<for flavor="IN">
<var>${NAME}</var>
<value>@{NAMES}</value>
<iter>
<var name="${NAME}">Jane Doe</var>
<kw name="Log" library="BuiltIn">
<arg>${NAME}</arg>
<doc>Logs the given message with the given level.</doc>
<msg timestamp="20220309 21:59:02.311" level="INFO">Jane Doe</msg>
<status status="PASS" starttime="20220309 21:59:02.310" endtime="20220309 21:59:02.311"/>
</kw>
<status status="PASS" starttime="20220309 21:59:02.310" endtime="20220309 21:59:02.311"/>
</iter>
<iter>
<var name="${NAME}">John Doe</var>
<kw name="Log" library="BuiltIn">
<arg>${NAME}</arg>
<doc>Logs the given message with the given level.</doc>
<msg timestamp="20220309 21:59:02.312" level="INFO">John Doe</msg>
<status status="PASS" starttime="20220309 21:59:02.312" endtime="20220309 21:59:02.312"/>
</kw>
<status status="PASS" starttime="20220309 21:59:02.311" endtime="20220309 21:59:02.313"/>
</iter>
<status status="PASS" starttime="20220309 21:59:02.309" endtime="20220309 21:59:02.313"/>
</for>
<status status="PASS" starttime="20220309 21:59:02.308" endtime="20220309 21:59:02.313"/>
</kw>
<tag>names</tag>
<status status="PASS" starttime="20220309 21:59:02.308" endtime="20220309 21:59:02.313"/>
</test>
<status status="PASS" starttime="20220309 21:59:02.272" endtime="20220309 21:59:02.315"/>
</suite>
<statistics>
<total>
<stat pass="1" fail="0" skip="0">All Tests</stat>
</total>
<tag>
<stat pass="1" fail="0" skip="0">names</stat>
</tag>
<suite>
<stat pass="1" fail="0" skip="0" id="s1" name="01-Lists">01-Lists</stat>
</suite>
</statistics>
<errors>
</errors>
</robot>
