<?xml version="1.0" encoding="UTF-8"?>
<robot generator="Robot 4.1.3 (Python 3.8.10 on linux)" generated="20220310 22:39:27.719" rpa="false" schemaversion="2">
<suite id="s1" name="02-Exams" source="/home/Anh/PycharmProjects/Robot_Project/02_Classroom/02-Exams.robot">
<test id="s1-t1" name="Get Exam Results">
<kw name="Get File" library="OperatingSystem">
<var>${exam_results}</var>
<arg>${EXAM_RESULTS_JSON}</arg>
<doc>Returns the contents of a specified file.</doc>
<msg timestamp="20220310 22:39:27.764" level="INFO" html="true">Getting file '&lt;a href="file:///home/Anh/PycharmProjects/Robot_Project/02_Classroom/test-data/exam-results.json"&gt;/home/Anh/PycharmProjects/Robot_Project/02_Classroom/test-data/exam-results.json&lt;/a&gt;'.</msg>
<msg timestamp="20220310 22:39:27.764" level="INFO">${exam_results} = {
  "Jane Doe": { "math": "90%", "physics": "85%" },
  "John Doe": { "math": "85%", "physics": "90%" }
}
</msg>
<status status="PASS" starttime="20220310 22:39:27.763" endtime="20220310 22:39:27.764"/>
</kw>
<kw name="Evaluate" library="BuiltIn">
<var>&amp;{results}</var>
<arg>json.loads('''${exam_results}''')</arg>
<arg>json</arg>
<doc>Evaluates the given expression in Python and returns the result.</doc>
<msg timestamp="20220310 22:39:27.773" level="INFO">&amp;{results} = { Jane Doe={'math': '90%', 'physics': '85%'} | John Doe={'math': '85%', 'physics': '90%'} }</msg>
<status status="PASS" starttime="20220310 22:39:27.765" endtime="20220310 22:39:27.773"/>
</kw>
<for flavor="IN">
<var>${student}</var>
<var>${result}</var>
<value>&amp;{results}</value>
<iter>
<var name="${student}">Jane Doe</var>
<var name="${result}">{'math': '90%', 'physics': '85%'}</var>
<kw name="Log To Console" library="BuiltIn">
<arg>${student}: ${result}</arg>
<doc>Logs the given message to the console.</doc>
<status status="PASS" starttime="20220310 22:39:27.774" endtime="20220310 22:39:27.775"/>
</kw>
<status status="PASS" starttime="20220310 22:39:27.774" endtime="20220310 22:39:27.775"/>
</iter>
<iter>
<var name="${student}">John Doe</var>
<var name="${result}">{'math': '85%', 'physics': '90%'}</var>
<kw name="Log To Console" library="BuiltIn">
<arg>${student}: ${result}</arg>
<doc>Logs the given message to the console.</doc>
<status status="PASS" starttime="20220310 22:39:27.775" endtime="20220310 22:39:27.776"/>
</kw>
<status status="PASS" starttime="20220310 22:39:27.775" endtime="20220310 22:39:27.776"/>
</iter>
<status status="PASS" starttime="20220310 22:39:27.773" endtime="20220310 22:39:27.776"/>
</for>
<status status="PASS" starttime="20220310 22:39:27.762" endtime="20220310 22:39:27.777"/>
</test>
<status status="PASS" starttime="20220310 22:39:27.721" endtime="20220310 22:39:27.778"/>
</suite>
<statistics>
<total>
<stat pass="1" fail="0" skip="0">All Tests</stat>
</total>
<tag>
</tag>
<suite>
<stat pass="1" fail="0" skip="0" id="s1" name="02-Exams">02-Exams</stat>
</suite>
</statistics>
<errors>
</errors>
</robot>
